[2020-04-14 11:31:18.011] [renderer1] [error] Error: [File Watcher (chokidar)] Inotify limit reached (ENOSPC)
[2020-04-14 11:31:18.018] [renderer1] [error] [File Watcher (chokidar)] Inotify limit reached (ENOSPC)
[2020-04-14 12:56:05.931] [renderer1] [error] <semantic> TypeScript Server Error (3.8.3)
Debug Failure. Did not expect JsxSelfClosingElement to have an Identifier in its trivia
Error: Debug Failure. Did not expect JsxSelfClosingElement to have an Identifier in its trivia
    at addSyntheticNodes (tsserver.js:134312:30)
    at createChildren (tsserver.js:134301:9)
    at NodeObject.getChildren (tsserver.js:134245:56)
    at getTokenAtPositionWorker (tsserver.js:106279:43)
    at getTouchingToken (tsserver.js:106266:16)
    at Object.getTouchingPropertyName (tsserver.js:106258:16)
    at Object.getDocumentHighlights (tsserver.js:111707:27)
    at Proxy.getDocumentHighlights (tsserver.js:135456:42)
    at IOSession.Session.getDocumentHighlights (tsserver.js:145100:71)
    at Session.handlers.ts.createMapFromTemplate._a.<computed> (tsserver.js:144490:61)
    at tsserver.js:146003:88
    at IOSession.Session.executeWithRequestId (tsserver.js:145994:28)
    at IOSession.Session.executeCommand (tsserver.js:146003:33)
    at IOSession.Session.onMessage (tsserver.js:146027:35)
    at Interface.<anonymous> (tsserver.js:147342:27)
    at Interface.emit (events.js:203:13)
    at Interface._onLine (readline.js:316:10)
    at Interface._normalWrite (readline.js:461:12)
    at Socket.ondata (readline.js:172:10)
    at Socket.emit (events.js:203:13)
    at addChunk (_stream_readable.js:295:12)
    at readableAddChunk (_stream_readable.js:276:11)
    at Socket.Readable.push (_stream_readable.js:210:10)
    at Pipe.onStreamRead (internal/stream_base_commons.js:166:17): Error: <semantic> TypeScript Server Error (3.8.3)
Debug Failure. Did not expect JsxSelfClosingElement to have an Identifier in its trivia
Error: Debug Failure. Did not expect JsxSelfClosingElement to have an Identifier in its trivia
    at addSyntheticNodes (tsserver.js:134312:30)
    at createChildren (tsserver.js:134301:9)
    at NodeObject.getChildren (tsserver.js:134245:56)
    at getTokenAtPositionWorker (tsserver.js:106279:43)
    at getTouchingToken (tsserver.js:106266:16)
    at Object.getTouchingPropertyName (tsserver.js:106258:16)
    at Object.getDocumentHighlights (tsserver.js:111707:27)
    at Proxy.getDocumentHighlights (tsserver.js:135456:42)
    at IOSession.Session.getDocumentHighlights (tsserver.js:145100:71)
    at Session.handlers.ts.createMapFromTemplate._a.<computed> (tsserver.js:144490:61)
    at tsserver.js:146003:88
    at IOSession.Session.executeWithRequestId (tsserver.js:145994:28)
    at IOSession.Session.executeCommand (tsserver.js:146003:33)
    at IOSession.Session.onMessage (tsserver.js:146027:35)
    at Interface.<anonymous> (tsserver.js:147342:27)
    at Interface.emit (events.js:203:13)
    at Interface._onLine (readline.js:316:10)
    at Interface._normalWrite (readline.js:461:12)
    at Socket.ondata (readline.js:172:10)
    at Socket.emit (events.js:203:13)
    at addChunk (_stream_readable.js:295:12)
    at readableAddChunk (_stream_readable.js:276:11)
    at Socket.Readable.push (_stream_readable.js:210:10)
    at Pipe.onStreamRead (internal/stream_base_commons.js:166:17)
	at Function.create (/usr/share/code/resources/app/extensions/typescript-language-features/dist/extension.js:1:49958)
	at h.dispatchResponse (/usr/share/code/resources/app/extensions/typescript-language-features/dist/extension.js:1:216914)
	at h.dispatchMessage (/usr/share/code/resources/app/extensions/typescript-language-features/dist/extension.js:1:215832)
	at /usr/share/code/resources/app/extensions/typescript-language-features/dist/extension.js:1:215308
	at l.fire (/usr/share/code/resources/app/out/vs/workbench/services/extensions/node/extensionHostProcess.js:48:845)
	at t.Reader.onLengthData (/usr/share/code/resources/app/extensions/typescript-language-features/dist/extension.js:1:223870)
	at Socket.<anonymous> (/usr/share/code/resources/app/extensions/typescript-language-features/dist/extension.js:1:223518)
	at Socket.emit (events.js:203:13)
	at addChunk (_stream_readable.js:295:12)
	at readableAddChunk (_stream_readable.js:276:11)
	at Socket.Readable.push (_stream_readable.js:210:10)
	at Pipe.onStreamRead (internal/stream_base_commons.js:166:17)
[2020-04-14 12:56:06.045] [renderer1] [error] <semantic> TypeScript Server Error (3.8.3)
Debug Failure. Did not expect JsxSelfClosingElement to have an Identifier in its trivia
Error: Debug Failure. Did not expect JsxSelfClosingElement to have an Identifier in its trivia
    at addSyntheticNodes (tsserver.js:134312:30)
    at createChildren (tsserver.js:134301:9)
    at NodeObject.getChildren (tsserver.js:134245:56)
    at getTokenAtPositionWorker (tsserver.js:106279:43)
    at Object.getTokenAtPosition (tsserver.js:106271:16)
    at getInfo (tsserver.js:130516:28)
    at Object.getAvailableActions (tsserver.js:130500:28)
    at tsserver.js:124592:128
    at getIterator (tsserver.js:519:23)
    at Object.flatMapIterator (tsserver.js:502:27)
    at Object.getApplicableRefactors (tsserver.js:124591:36)
    at Proxy.getApplicableRefactors (tsserver.js:135901:32)
    at IOSession.Session.getApplicableRefactors (tsserver.js:145703:53)
    at Session.handlers.ts.createMapFromTemplate._a.<computed> (tsserver.js:144528:61)
    at tsserver.js:146003:88
    at IOSession.Session.executeWithRequestId (tsserver.js:145994:28)
    at IOSession.Session.executeCommand (tsserver.js:146003:33)
    at IOSession.Session.onMessage (tsserver.js:146027:35)
    at Interface.<anonymous> (tsserver.js:147342:27)
    at Interface.emit (events.js:203:13)
    at Interface._onLine (readline.js:316:10)
    at Interface._normalWrite (readline.js:461:12)
    at Socket.ondata (readline.js:172:10)
    at Socket.emit (events.js:203:13)
    at addChunk (_stream_readable.js:295:12)
    at readableAddChunk (_stream_readable.js:276:11)
    at Socket.Readable.push (_stream_readable.js:210:10)
    at Pipe.onStreamRead (internal/stream_base_commons.js:166:17): Error: <semantic> TypeScript Server Error (3.8.3)
Debug Failure. Did not expect JsxSelfClosingElement to have an Identifier in its trivia
Error: Debug Failure. Did not expect JsxSelfClosingElement to have an Identifier in its trivia
    at addSyntheticNodes (tsserver.js:134312:30)
    at createChildren (tsserver.js:134301:9)
    at NodeObject.getChildren (tsserver.js:134245:56)
    at getTokenAtPositionWorker (tsserver.js:106279:43)
    at Object.getTokenAtPosition (tsserver.js:106271:16)
    at getInfo (tsserver.js:130516:28)
    at Object.getAvailableActions (tsserver.js:130500:28)
    at tsserver.js:124592:128
    at getIterator (tsserver.js:519:23)
    at Object.flatMapIterator (tsserver.js:502:27)
    at Object.getApplicableRefactors (tsserver.js:124591:36)
    at Proxy.getApplicableRefactors (tsserver.js:135901:32)
    at IOSession.Session.getApplicableRefactors (tsserver.js:145703:53)
    at Session.handlers.ts.createMapFromTemplate._a.<computed> (tsserver.js:144528:61)
    at tsserver.js:146003:88
    at IOSession.Session.executeWithRequestId (tsserver.js:145994:28)
    at IOSession.Session.executeCommand (tsserver.js:146003:33)
    at IOSession.Session.onMessage (tsserver.js:146027:35)
    at Interface.<anonymous> (tsserver.js:147342:27)
    at Interface.emit (events.js:203:13)
    at Interface._onLine (readline.js:316:10)
    at Interface._normalWrite (readline.js:461:12)
    at Socket.ondata (readline.js:172:10)
    at Socket.emit (events.js:203:13)
    at addChunk (_stream_readable.js:295:12)
    at readableAddChunk (_stream_readable.js:276:11)
    at Socket.Readable.push (_stream_readable.js:210:10)
    at Pipe.onStreamRead (internal/stream_base_commons.js:166:17)
	at Function.create (/usr/share/code/resources/app/extensions/typescript-language-features/dist/extension.js:1:49958)
	at h.dispatchResponse (/usr/share/code/resources/app/extensions/typescript-language-features/dist/extension.js:1:216914)
	at h.dispatchMessage (/usr/share/code/resources/app/extensions/typescript-language-features/dist/extension.js:1:215832)
	at /usr/share/code/resources/app/extensions/typescript-language-features/dist/extension.js:1:215308
	at l.fire (/usr/share/code/resources/app/out/vs/workbench/services/extensions/node/extensionHostProcess.js:48:845)
	at t.Reader.onLengthData (/usr/share/code/resources/app/extensions/typescript-language-features/dist/extension.js:1:223870)
	at Socket.<anonymous> (/usr/share/code/resources/app/extensions/typescript-language-features/dist/extension.js:1:223518)
	at Socket.emit (events.js:203:13)
	at addChunk (_stream_readable.js:295:12)
	at readableAddChunk (_stream_readable.js:276:11)
	at Socket.Readable.push (_stream_readable.js:210:10)
	at Pipe.onStreamRead (internal/stream_base_commons.js:166:17)
[2020-04-14 12:56:07.177] [renderer1] [error] <semantic> TypeScript Server Error (3.8.3)
Debug Failure. Did not expect JsxSelfClosingElement to have an Identifier in its trivia
Error: Debug Failure. Did not expect JsxSelfClosingElement to have an Identifier in its trivia
    at addSyntheticNodes (tsserver.js:134312:30)
    at createChildren (tsserver.js:134301:9)
    at NodeObject.getChildren (tsserver.js:134245:56)
    at getTokenAtPositionWorker (tsserver.js:106279:43)
    at Object.getTokenAtPosition (tsserver.js:106271:16)
    at getInfo (tsserver.js:130516:28)
    at Object.getAvailableActions (tsserver.js:130500:28)
    at tsserver.js:124592:128
    at getIterator (tsserver.js:519:23)
    at Object.flatMapIterator (tsserver.js:502:27)
    at Object.getApplicableRefactors (tsserver.js:124591:36)
    at Proxy.getApplicableRefactors (tsserver.js:135901:32)
    at IOSession.Session.getApplicableRefactors (tsserver.js:145703:53)
    at Session.handlers.ts.createMapFromTemplate._a.<computed> (tsserver.js:144528:61)
    at tsserver.js:146003:88
    at IOSession.Session.executeWithRequestId (tsserver.js:145994:28)
    at IOSession.Session.executeCommand (tsserver.js:146003:33)
    at IOSession.Session.onMessage (tsserver.js:146027:35)
    at Interface.<anonymous> (tsserver.js:147342:27)
    at Interface.emit (events.js:203:13)
    at Interface._onLine (readline.js:316:10)
    at Interface._normalWrite (readline.js:461:12)
    at Socket.ondata (readline.js:172:10)
    at Socket.emit (events.js:203:13)
    at addChunk (_stream_readable.js:295:12)
    at readableAddChunk (_stream_readable.js:276:11)
    at Socket.Readable.push (_stream_readable.js:210:10)
    at Pipe.onStreamRead (internal/stream_base_commons.js:166:17): Error: <semantic> TypeScript Server Error (3.8.3)
Debug Failure. Did not expect JsxSelfClosingElement to have an Identifier in its trivia
Error: Debug Failure. Did not expect JsxSelfClosingElement to have an Identifier in its trivia
    at addSyntheticNodes (tsserver.js:134312:30)
    at createChildren (tsserver.js:134301:9)
    at NodeObject.getChildren (tsserver.js:134245:56)
    at getTokenAtPositionWorker (tsserver.js:106279:43)
    at Object.getTokenAtPosition (tsserver.js:106271:16)
    at getInfo (tsserver.js:130516:28)
    at Object.getAvailableActions (tsserver.js:130500:28)
    at tsserver.js:124592:128
    at getIterator (tsserver.js:519:23)
    at Object.flatMapIterator (tsserver.js:502:27)
    at Object.getApplicableRefactors (tsserver.js:124591:36)
    at Proxy.getApplicableRefactors (tsserver.js:135901:32)
    at IOSession.Session.getApplicableRefactors (tsserver.js:145703:53)
    at Session.handlers.ts.createMapFromTemplate._a.<computed> (tsserver.js:144528:61)
    at tsserver.js:146003:88
    at IOSession.Session.executeWithRequestId (tsserver.js:145994:28)
    at IOSession.Session.executeCommand (tsserver.js:146003:33)
    at IOSession.Session.onMessage (tsserver.js:146027:35)
    at Interface.<anonymous> (tsserver.js:147342:27)
    at Interface.emit (events.js:203:13)
    at Interface._onLine (readline.js:316:10)
    at Interface._normalWrite (readline.js:461:12)
    at Socket.ondata (readline.js:172:10)
    at Socket.emit (events.js:203:13)
    at addChunk (_stream_readable.js:295:12)
    at readableAddChunk (_stream_readable.js:276:11)
    at Socket.Readable.push (_stream_readable.js:210:10)
    at Pipe.onStreamRead (internal/stream_base_commons.js:166:17)
	at Function.create (/usr/share/code/resources/app/extensions/typescript-language-features/dist/extension.js:1:49958)
	at h.dispatchResponse (/usr/share/code/resources/app/extensions/typescript-language-features/dist/extension.js:1:216914)
	at h.dispatchMessage (/usr/share/code/resources/app/extensions/typescript-language-features/dist/extension.js:1:215832)
	at /usr/share/code/resources/app/extensions/typescript-language-features/dist/extension.js:1:215308
	at l.fire (/usr/share/code/resources/app/out/vs/workbench/services/extensions/node/extensionHostProcess.js:48:845)
	at t.Reader.onLengthData (/usr/share/code/resources/app/extensions/typescript-language-features/dist/extension.js:1:223870)
	at Socket.<anonymous> (/usr/share/code/resources/app/extensions/typescript-language-features/dist/extension.js:1:223518)
	at Socket.emit (events.js:203:13)
	at addChunk (_stream_readable.js:295:12)
	at readableAddChunk (_stream_readable.js:276:11)
	at Socket.Readable.push (_stream_readable.js:210:10)
	at Pipe.onStreamRead (internal/stream_base_commons.js:166:17)
[2020-04-14 12:56:10.415] [renderer1] [error] <semantic> TypeScript Server Error (3.8.3)
Debug Failure. Did not expect JsxSelfClosingElement to have an Identifier in its trivia
Error: Debug Failure. Did not expect JsxSelfClosingElement to have an Identifier in its trivia
    at addSyntheticNodes (tsserver.js:134312:30)
    at createChildren (tsserver.js:134301:9)
    at NodeObject.getChildren (tsserver.js:134245:56)
    at getTokenAtPositionWorker (tsserver.js:106279:43)
    at Object.getTokenAtPosition (tsserver.js:106271:16)
    at getInfo (tsserver.js:130516:28)
    at Object.getAvailableActions (tsserver.js:130500:28)
    at tsserver.js:124592:128
    at getIterator (tsserver.js:519:23)
    at Object.flatMapIterator (tsserver.js:502:27)
    at Object.getApplicableRefactors (tsserver.js:124591:36)
    at Proxy.getApplicableRefactors (tsserver.js:135901:32)
    at IOSession.Session.getApplicableRefactors (tsserver.js:145703:53)
    at Session.handlers.ts.createMapFromTemplate._a.<computed> (tsserver.js:144528:61)
    at tsserver.js:146003:88
    at IOSession.Session.executeWithRequestId (tsserver.js:145994:28)
    at IOSession.Session.executeCommand (tsserver.js:146003:33)
    at IOSession.Session.onMessage (tsserver.js:146027:35)
    at Interface.<anonymous> (tsserver.js:147342:27)
    at Interface.emit (events.js:203:13)
    at Interface._onLine (readline.js:316:10)
    at Interface._normalWrite (readline.js:461:12)
    at Socket.ondata (readline.js:172:10)
    at Socket.emit (events.js:203:13)
    at addChunk (_stream_readable.js:295:12)
    at readableAddChunk (_stream_readable.js:276:11)
    at Socket.Readable.push (_stream_readable.js:210:10)
    at Pipe.onStreamRead (internal/stream_base_commons.js:166:17): Error: <semantic> TypeScript Server Error (3.8.3)
Debug Failure. Did not expect JsxSelfClosingElement to have an Identifier in its trivia
Error: Debug Failure. Did not expect JsxSelfClosingElement to have an Identifier in its trivia
    at addSyntheticNodes (tsserver.js:134312:30)
    at createChildren (tsserver.js:134301:9)
    at NodeObject.getChildren (tsserver.js:134245:56)
    at getTokenAtPositionWorker (tsserver.js:106279:43)
    at Object.getTokenAtPosition (tsserver.js:106271:16)
    at getInfo (tsserver.js:130516:28)
    at Object.getAvailableActions (tsserver.js:130500:28)
    at tsserver.js:124592:128
    at getIterator (tsserver.js:519:23)
    at Object.flatMapIterator (tsserver.js:502:27)
    at Object.getApplicableRefactors (tsserver.js:124591:36)
    at Proxy.getApplicableRefactors (tsserver.js:135901:32)
    at IOSession.Session.getApplicableRefactors (tsserver.js:145703:53)
    at Session.handlers.ts.createMapFromTemplate._a.<computed> (tsserver.js:144528:61)
    at tsserver.js:146003:88
    at IOSession.Session.executeWithRequestId (tsserver.js:145994:28)
    at IOSession.Session.executeCommand (tsserver.js:146003:33)
    at IOSession.Session.onMessage (tsserver.js:146027:35)
    at Interface.<anonymous> (tsserver.js:147342:27)
    at Interface.emit (events.js:203:13)
    at Interface._onLine (readline.js:316:10)
    at Interface._normalWrite (readline.js:461:12)
    at Socket.ondata (readline.js:172:10)
    at Socket.emit (events.js:203:13)
    at addChunk (_stream_readable.js:295:12)
    at readableAddChunk (_stream_readable.js:276:11)
    at Socket.Readable.push (_stream_readable.js:210:10)
    at Pipe.onStreamRead (internal/stream_base_commons.js:166:17)
	at Function.create (/usr/share/code/resources/app/extensions/typescript-language-features/dist/extension.js:1:49958)
	at h.dispatchResponse (/usr/share/code/resources/app/extensions/typescript-language-features/dist/extension.js:1:216914)
	at h.dispatchMessage (/usr/share/code/resources/app/extensions/typescript-language-features/dist/extension.js:1:215832)
	at /usr/share/code/resources/app/extensions/typescript-language-features/dist/extension.js:1:215308
	at l.fire (/usr/share/code/resources/app/out/vs/workbench/services/extensions/node/extensionHostProcess.js:48:845)
	at t.Reader.onLengthData (/usr/share/code/resources/app/extensions/typescript-language-features/dist/extension.js:1:223870)
	at Socket.<anonymous> (/usr/share/code/resources/app/extensions/typescript-language-features/dist/extension.js:1:223518)
	at Socket.emit (events.js:203:13)
	at addChunk (_stream_readable.js:295:12)
	at readableAddChunk (_stream_readable.js:276:11)
	at Socket.Readable.push (_stream_readable.js:210:10)
	at Pipe.onStreamRead (internal/stream_base_commons.js:166:17)
[2020-04-14 12:56:12.095] [renderer1] [error] <semantic> TypeScript Server Error (3.8.3)
Debug Failure. Did not expect JsxSelfClosingElement to have an Identifier in its trivia
Error: Debug Failure. Did not expect JsxSelfClosingElement to have an Identifier in its trivia
    at addSyntheticNodes (tsserver.js:134312:30)
    at createChildren (tsserver.js:134301:9)
    at NodeObject.getChildren (tsserver.js:134245:56)
    at getTokenAtPositionWorker (tsserver.js:106279:43)
    at Object.getTokenAtPosition (tsserver.js:106271:16)
    at getInfo (tsserver.js:130516:28)
    at Object.getAvailableActions (tsserver.js:130500:28)
    at tsserver.js:124592:128
    at getIterator (tsserver.js:519:23)
    at Object.flatMapIterator (tsserver.js:502:27)
    at Object.getApplicableRefactors (tsserver.js:124591:36)
    at Proxy.getApplicableRefactors (tsserver.js:135901:32)
    at IOSession.Session.getApplicableRefactors (tsserver.js:145703:53)
    at Session.handlers.ts.createMapFromTemplate._a.<computed> (tsserver.js:144528:61)
    at tsserver.js:146003:88
    at IOSession.Session.executeWithRequestId (tsserver.js:145994:28)
    at IOSession.Session.executeCommand (tsserver.js:146003:33)
    at IOSession.Session.onMessage (tsserver.js:146027:35)
    at Interface.<anonymous> (tsserver.js:147342:27)
    at Interface.emit (events.js:203:13)
    at Interface._onLine (readline.js:316:10)
    at Interface._normalWrite (readline.js:461:12)
    at Socket.ondata (readline.js:172:10)
    at Socket.emit (events.js:203:13)
    at addChunk (_stream_readable.js:295:12)
    at readableAddChunk (_stream_readable.js:276:11)
    at Socket.Readable.push (_stream_readable.js:210:10)
    at Pipe.onStreamRead (internal/stream_base_commons.js:166:17): Error: <semantic> TypeScript Server Error (3.8.3)
Debug Failure. Did not expect JsxSelfClosingElement to have an Identifier in its trivia
Error: Debug Failure. Did not expect JsxSelfClosingElement to have an Identifier in its trivia
    at addSyntheticNodes (tsserver.js:134312:30)
    at createChildren (tsserver.js:134301:9)
    at NodeObject.getChildren (tsserver.js:134245:56)
    at getTokenAtPositionWorker (tsserver.js:106279:43)
    at Object.getTokenAtPosition (tsserver.js:106271:16)
    at getInfo (tsserver.js:130516:28)
    at Object.getAvailableActions (tsserver.js:130500:28)
    at tsserver.js:124592:128
    at getIterator (tsserver.js:519:23)
    at Object.flatMapIterator (tsserver.js:502:27)
    at Object.getApplicableRefactors (tsserver.js:124591:36)
    at Proxy.getApplicableRefactors (tsserver.js:135901:32)
    at IOSession.Session.getApplicableRefactors (tsserver.js:145703:53)
    at Session.handlers.ts.createMapFromTemplate._a.<computed> (tsserver.js:144528:61)
    at tsserver.js:146003:88
    at IOSession.Session.executeWithRequestId (tsserver.js:145994:28)
    at IOSession.Session.executeCommand (tsserver.js:146003:33)
    at IOSession.Session.onMessage (tsserver.js:146027:35)
    at Interface.<anonymous> (tsserver.js:147342:27)
    at Interface.emit (events.js:203:13)
    at Interface._onLine (readline.js:316:10)
    at Interface._normalWrite (readline.js:461:12)
    at Socket.ondata (readline.js:172:10)
    at Socket.emit (events.js:203:13)
    at addChunk (_stream_readable.js:295:12)
    at readableAddChunk (_stream_readable.js:276:11)
    at Socket.Readable.push (_stream_readable.js:210:10)
    at Pipe.onStreamRead (internal/stream_base_commons.js:166:17)
	at Function.create (/usr/share/code/resources/app/extensions/typescript-language-features/dist/extension.js:1:49958)
	at h.dispatchResponse (/usr/share/code/resources/app/extensions/typescript-language-features/dist/extension.js:1:216914)
	at h.dispatchMessage (/usr/share/code/resources/app/extensions/typescript-language-features/dist/extension.js:1:215832)
	at /usr/share/code/resources/app/extensions/typescript-language-features/dist/extension.js:1:215308
	at l.fire (/usr/share/code/resources/app/out/vs/workbench/services/extensions/node/extensionHostProcess.js:48:845)
	at t.Reader.onLengthData (/usr/share/code/resources/app/extensions/typescript-language-features/dist/extension.js:1:223870)
	at Socket.<anonymous> (/usr/share/code/resources/app/extensions/typescript-language-features/dist/extension.js:1:223518)
	at Socket.emit (events.js:203:13)
	at addChunk (_stream_readable.js:295:12)
	at readableAddChunk (_stream_readable.js:276:11)
	at Socket.Readable.push (_stream_readable.js:210:10)
	at Pipe.onStreamRead (internal/stream_base_commons.js:166:17)
[2020-04-14 12:56:31.180] [renderer1] [error] <semantic> TypeScript Server Error (3.8.3)
Debug Failure. Did not expect JsxSelfClosingElement to have an Identifier in its trivia
Error: Debug Failure. Did not expect JsxSelfClosingElement to have an Identifier in its trivia
    at addSyntheticNodes (tsserver.js:134312:30)
    at createChildren (tsserver.js:134301:9)
    at NodeObject.getChildren (tsserver.js:134245:56)
    at getTokenAtPositionWorker (tsserver.js:106279:43)
    at getTouchingToken (tsserver.js:106266:16)
    at Object.getTouchingPropertyName (tsserver.js:106258:16)
    at Object.getDocumentHighlights (tsserver.js:111707:27)
    at Proxy.getDocumentHighlights (tsserver.js:135456:42)
    at IOSession.Session.getDocumentHighlights (tsserver.js:145100:71)
    at Session.handlers.ts.createMapFromTemplate._a.<computed> (tsserver.js:144490:61)
    at tsserver.js:146003:88
    at IOSession.Session.executeWithRequestId (tsserver.js:145994:28)
    at IOSession.Session.executeCommand (tsserver.js:146003:33)
    at IOSession.Session.onMessage (tsserver.js:146027:35)
    at Interface.<anonymous> (tsserver.js:147342:27)
    at Interface.emit (events.js:203:13)
    at Interface._onLine (readline.js:316:10)
    at Interface._normalWrite (readline.js:461:12)
    at Socket.ondata (readline.js:172:10)
    at Socket.emit (events.js:203:13)
    at addChunk (_stream_readable.js:295:12)
    at readableAddChunk (_stream_readable.js:276:11)
    at Socket.Readable.push (_stream_readable.js:210:10)
    at Pipe.onStreamRead (internal/stream_base_commons.js:166:17): Error: <semantic> TypeScript Server Error (3.8.3)
Debug Failure. Did not expect JsxSelfClosingElement to have an Identifier in its trivia
Error: Debug Failure. Did not expect JsxSelfClosingElement to have an Identifier in its trivia
    at addSyntheticNodes (tsserver.js:134312:30)
    at createChildren (tsserver.js:134301:9)
    at NodeObject.getChildren (tsserver.js:134245:56)
    at getTokenAtPositionWorker (tsserver.js:106279:43)
    at getTouchingToken (tsserver.js:106266:16)
    at Object.getTouchingPropertyName (tsserver.js:106258:16)
    at Object.getDocumentHighlights (tsserver.js:111707:27)
    at Proxy.getDocumentHighlights (tsserver.js:135456:42)
    at IOSession.Session.getDocumentHighlights (tsserver.js:145100:71)
    at Session.handlers.ts.createMapFromTemplate._a.<computed> (tsserver.js:144490:61)
    at tsserver.js:146003:88
    at IOSession.Session.executeWithRequestId (tsserver.js:145994:28)
    at IOSession.Session.executeCommand (tsserver.js:146003:33)
    at IOSession.Session.onMessage (tsserver.js:146027:35)
    at Interface.<anonymous> (tsserver.js:147342:27)
    at Interface.emit (events.js:203:13)
    at Interface._onLine (readline.js:316:10)
    at Interface._normalWrite (readline.js:461:12)
    at Socket.ondata (readline.js:172:10)
    at Socket.emit (events.js:203:13)
    at addChunk (_stream_readable.js:295:12)
    at readableAddChunk (_stream_readable.js:276:11)
    at Socket.Readable.push (_stream_readable.js:210:10)
    at Pipe.onStreamRead (internal/stream_base_commons.js:166:17)
	at Function.create (/usr/share/code/resources/app/extensions/typescript-language-features/dist/extension.js:1:49958)
	at h.dispatchResponse (/usr/share/code/resources/app/extensions/typescript-language-features/dist/extension.js:1:216914)
	at h.dispatchMessage (/usr/share/code/resources/app/extensions/typescript-language-features/dist/extension.js:1:215832)
	at /usr/share/code/resources/app/extensions/typescript-language-features/dist/extension.js:1:215308
	at l.fire (/usr/share/code/resources/app/out/vs/workbench/services/extensions/node/extensionHostProcess.js:48:845)
	at t.Reader.onLengthData (/usr/share/code/resources/app/extensions/typescript-language-features/dist/extension.js:1:223870)
	at Socket.<anonymous> (/usr/share/code/resources/app/extensions/typescript-language-features/dist/extension.js:1:223518)
	at Socket.emit (events.js:203:13)
	at addChunk (_stream_readable.js:295:12)
	at readableAddChunk (_stream_readable.js:276:11)
	at Socket.Readable.push (_stream_readable.js:210:10)
	at Pipe.onStreamRead (internal/stream_base_commons.js:166:17)
[2020-04-14 12:56:32.431] [renderer1] [error] <semantic> TypeScript Server Error (3.8.3)
Debug Failure. Did not expect JsxSelfClosingElement to have an Identifier in its trivia
Error: Debug Failure. Did not expect JsxSelfClosingElement to have an Identifier in its trivia
    at addSyntheticNodes (tsserver.js:134312:30)
    at createChildren (tsserver.js:134301:9)
    at NodeObject.getChildren (tsserver.js:134245:56)
    at getTokenAtPositionWorker (tsserver.js:106279:43)
    at getTouchingToken (tsserver.js:106266:16)
    at Object.getTouchingPropertyName (tsserver.js:106258:16)
    at Object.getDocumentHighlights (tsserver.js:111707:27)
    at Proxy.getDocumentHighlights (tsserver.js:135456:42)
    at IOSession.Session.getDocumentHighlights (tsserver.js:145100:71)
    at Session.handlers.ts.createMapFromTemplate._a.<computed> (tsserver.js:144490:61)
    at tsserver.js:146003:88
    at IOSession.Session.executeWithRequestId (tsserver.js:145994:28)
    at IOSession.Session.executeCommand (tsserver.js:146003:33)
    at IOSession.Session.onMessage (tsserver.js:146027:35)
    at Interface.<anonymous> (tsserver.js:147342:27)
    at Interface.emit (events.js:203:13)
    at Interface._onLine (readline.js:316:10)
    at Interface._normalWrite (readline.js:461:12)
    at Socket.ondata (readline.js:172:10)
    at Socket.emit (events.js:203:13)
    at addChunk (_stream_readable.js:295:12)
    at readableAddChunk (_stream_readable.js:276:11)
    at Socket.Readable.push (_stream_readable.js:210:10)
    at Pipe.onStreamRead (internal/stream_base_commons.js:166:17): Error: <semantic> TypeScript Server Error (3.8.3)
Debug Failure. Did not expect JsxSelfClosingElement to have an Identifier in its trivia
Error: Debug Failure. Did not expect JsxSelfClosingElement to have an Identifier in its trivia
    at addSyntheticNodes (tsserver.js:134312:30)
    at createChildren (tsserver.js:134301:9)
    at NodeObject.getChildren (tsserver.js:134245:56)
    at getTokenAtPositionWorker (tsserver.js:106279:43)
    at getTouchingToken (tsserver.js:106266:16)
    at Object.getTouchingPropertyName (tsserver.js:106258:16)
    at Object.getDocumentHighlights (tsserver.js:111707:27)
    at Proxy.getDocumentHighlights (tsserver.js:135456:42)
    at IOSession.Session.getDocumentHighlights (tsserver.js:145100:71)
    at Session.handlers.ts.createMapFromTemplate._a.<computed> (tsserver.js:144490:61)
    at tsserver.js:146003:88
    at IOSession.Session.executeWithRequestId (tsserver.js:145994:28)
    at IOSession.Session.executeCommand (tsserver.js:146003:33)
    at IOSession.Session.onMessage (tsserver.js:146027:35)
    at Interface.<anonymous> (tsserver.js:147342:27)
    at Interface.emit (events.js:203:13)
    at Interface._onLine (readline.js:316:10)
    at Interface._normalWrite (readline.js:461:12)
    at Socket.ondata (readline.js:172:10)
    at Socket.emit (events.js:203:13)
    at addChunk (_stream_readable.js:295:12)
    at readableAddChunk (_stream_readable.js:276:11)
    at Socket.Readable.push (_stream_readable.js:210:10)
    at Pipe.onStreamRead (internal/stream_base_commons.js:166:17)
	at Function.create (/usr/share/code/resources/app/extensions/typescript-language-features/dist/extension.js:1:49958)
	at h.dispatchResponse (/usr/share/code/resources/app/extensions/typescript-language-features/dist/extension.js:1:216914)
	at h.dispatchMessage (/usr/share/code/resources/app/extensions/typescript-language-features/dist/extension.js:1:215832)
	at /usr/share/code/resources/app/extensions/typescript-language-features/dist/extension.js:1:215308
	at l.fire (/usr/share/code/resources/app/out/vs/workbench/services/extensions/node/extensionHostProcess.js:48:845)
	at t.Reader.onLengthData (/usr/share/code/resources/app/extensions/typescript-language-features/dist/extension.js:1:223870)
	at Socket.<anonymous> (/usr/share/code/resources/app/extensions/typescript-language-features/dist/extension.js:1:223518)
	at Socket.emit (events.js:203:13)
	at addChunk (_stream_readable.js:295:12)
	at readableAddChunk (_stream_readable.js:276:11)
	at Socket.Readable.push (_stream_readable.js:210:10)
	at Pipe.onStreamRead (internal/stream_base_commons.js:166:17)
[2020-04-14 12:56:35.547] [renderer1] [error] <semantic> TypeScript Server Error (3.8.3)
Debug Failure. Did not expect JsxSelfClosingElement to have an Identifier in its trivia
Error: Debug Failure. Did not expect JsxSelfClosingElement to have an Identifier in its trivia
    at addSyntheticNodes (tsserver.js:134312:30)
    at createChildren (tsserver.js:134301:9)
    at NodeObject.getChildren (tsserver.js:134245:56)
    at getTokenAtPositionWorker (tsserver.js:106279:43)
    at Object.getTokenAtPosition (tsserver.js:106271:16)
    at getInfo (tsserver.js:130516:28)
    at Object.getAvailableActions (tsserver.js:130500:28)
    at tsserver.js:124592:128
    at getIterator (tsserver.js:519:23)
    at Object.flatMapIterator (tsserver.js:502:27)
    at Object.getApplicableRefactors (tsserver.js:124591:36)
    at Proxy.getApplicableRefactors (tsserver.js:135901:32)
    at IOSession.Session.getApplicableRefactors (tsserver.js:145703:53)
    at Session.handlers.ts.createMapFromTemplate._a.<computed> (tsserver.js:144528:61)
    at tsserver.js:146003:88
    at IOSession.Session.executeWithRequestId (tsserver.js:145994:28)
    at IOSession.Session.executeCommand (tsserver.js:146003:33)
    at IOSession.Session.onMessage (tsserver.js:146027:35)
    at Interface.<anonymous> (tsserver.js:147342:27)
    at Interface.emit (events.js:203:13)
    at Interface._onLine (readline.js:316:10)
    at Interface._normalWrite (readline.js:461:12)
    at Socket.ondata (readline.js:172:10)
    at Socket.emit (events.js:203:13)
    at addChunk (_stream_readable.js:295:12)
    at readableAddChunk (_stream_readable.js:276:11)
    at Socket.Readable.push (_stream_readable.js:210:10)
    at Pipe.onStreamRead (internal/stream_base_commons.js:166:17): Error: <semantic> TypeScript Server Error (3.8.3)
Debug Failure. Did not expect JsxSelfClosingElement to have an Identifier in its trivia
Error: Debug Failure. Did not expect JsxSelfClosingElement to have an Identifier in its trivia
    at addSyntheticNodes (tsserver.js:134312:30)
    at createChildren (tsserver.js:134301:9)
    at NodeObject.getChildren (tsserver.js:134245:56)
    at getTokenAtPositionWorker (tsserver.js:106279:43)
    at Object.getTokenAtPosition (tsserver.js:106271:16)
    at getInfo (tsserver.js:130516:28)
    at Object.getAvailableActions (tsserver.js:130500:28)
    at tsserver.js:124592:128
    at getIterator (tsserver.js:519:23)
    at Object.flatMapIterator (tsserver.js:502:27)
    at Object.getApplicableRefactors (tsserver.js:124591:36)
    at Proxy.getApplicableRefactors (tsserver.js:135901:32)
    at IOSession.Session.getApplicableRefactors (tsserver.js:145703:53)
    at Session.handlers.ts.createMapFromTemplate._a.<computed> (tsserver.js:144528:61)
    at tsserver.js:146003:88
    at IOSession.Session.executeWithRequestId (tsserver.js:145994:28)
    at IOSession.Session.executeCommand (tsserver.js:146003:33)
    at IOSession.Session.onMessage (tsserver.js:146027:35)
    at Interface.<anonymous> (tsserver.js:147342:27)
    at Interface.emit (events.js:203:13)
    at Interface._onLine (readline.js:316:10)
    at Interface._normalWrite (readline.js:461:12)
    at Socket.ondata (readline.js:172:10)
    at Socket.emit (events.js:203:13)
    at addChunk (_stream_readable.js:295:12)
    at readableAddChunk (_stream_readable.js:276:11)
    at Socket.Readable.push (_stream_readable.js:210:10)
    at Pipe.onStreamRead (internal/stream_base_commons.js:166:17)
	at Function.create (/usr/share/code/resources/app/extensions/typescript-language-features/dist/extension.js:1:49958)
	at h.dispatchResponse (/usr/share/code/resources/app/extensions/typescript-language-features/dist/extension.js:1:216914)
	at h.dispatchMessage (/usr/share/code/resources/app/extensions/typescript-language-features/dist/extension.js:1:215832)
	at /usr/share/code/resources/app/extensions/typescript-language-features/dist/extension.js:1:215308
	at l.fire (/usr/share/code/resources/app/out/vs/workbench/services/extensions/node/extensionHostProcess.js:48:845)
	at t.Reader.onLengthData (/usr/share/code/resources/app/extensions/typescript-language-features/dist/extension.js:1:223870)
	at Socket.<anonymous> (/usr/share/code/resources/app/extensions/typescript-language-features/dist/extension.js:1:223518)
	at Socket.emit (events.js:203:13)
	at addChunk (_stream_readable.js:295:12)
	at readableAddChunk (_stream_readable.js:276:11)
	at Socket.Readable.push (_stream_readable.js:210:10)
	at Pipe.onStreamRead (internal/stream_base_commons.js:166:17)
